<?xml version="1.0" encoding="UTF-8"?>
<coverage generated="1533548083794" clover="3.2.0">
  <project timestamp="1533548083795" name="All files">
    <metrics statements="129" coveredstatements="99" conditionals="98" coveredconditionals="41" methods="44" coveredmethods="28" elements="271" coveredelements="168" complexity="0" loc="129" ncloc="129" packages="5" files="16" classes="16">
      <package name="client">
        <metrics statements="1" coveredstatements="1" conditionals="4" coveredconditionals="3" methods="1" coveredmethods="1"/>
        <file name="setupTests.js" path="/Users/allisonc/Dev/bookings/client/setupTests.js">
          <metrics statements="1" coveredstatements="1" conditionals="4" coveredconditionals="3" methods="1" coveredmethods="1"/>
          <line num="2" count="16" type="cond" truecount="3" falsecount="1"/>
        </file>
      </package>
      <package name="client.components">
        <metrics statements="78" coveredstatements="55" conditionals="82" coveredconditionals="32" methods="30" coveredmethods="15"/>
        <file name="Calendar.jsx" path="/Users/allisonc/Dev/bookings/client/components/Calendar.jsx">
          <metrics statements="31" coveredstatements="16" conditionals="23" coveredconditionals="1" methods="13" coveredmethods="3"/>
          <line num="1" count="2" type="stmt"/>
          <line num="5" count="2" type="stmt"/>
          <line num="7" count="2" type="stmt"/>
          <line num="12" count="1" type="stmt"/>
          <line num="13" count="1" type="stmt"/>
          <line num="14" count="1" type="stmt"/>
          <line num="15" count="0" type="stmt"/>
          <line num="16" count="0" type="stmt"/>
          <line num="20" count="1" type="stmt"/>
          <line num="21" count="1" type="stmt"/>
          <line num="24" count="1" type="stmt"/>
          <line num="26" count="0" type="cond" truecount="0" falsecount="1"/>
          <line num="27" count="0" type="cond" truecount="0" falsecount="7"/>
          <line num="30" count="0" type="stmt"/>
          <line num="35" count="0" type="cond" truecount="0" falsecount="2"/>
          <line num="36" count="0" type="stmt"/>
          <line num="43" count="0" type="cond" truecount="0" falsecount="4"/>
          <line num="45" count="0" type="stmt"/>
          <line num="46" count="0" type="stmt"/>
          <line num="49" count="0" type="stmt"/>
          <line num="50" count="0" type="stmt"/>
          <line num="57" count="1" type="stmt"/>
          <line num="58" count="1" type="stmt"/>
          <line num="59" count="1" type="cond" truecount="0" falsecount="1"/>
          <line num="62" count="1" type="cond" truecount="1" falsecount="1"/>
          <line num="63" count="1" type="stmt"/>
          <line num="68" count="0" type="stmt"/>
          <line num="74" count="0" type="stmt"/>
          <line num="107" count="0" type="stmt"/>
          <line num="110" count="2" type="stmt"/>
          <line num="128" count="2" type="stmt"/>
        </file>
        <file name="Dates.jsx" path="/Users/allisonc/Dev/bookings/client/components/Dates.jsx">
          <metrics statements="6" coveredstatements="6" conditionals="27" coveredconditionals="15" methods="9" coveredmethods="6"/>
          <line num="1" count="10" type="cond" truecount="5" falsecount="3"/>
          <line num="4" count="1" type="cond" truecount="10" falsecount="9"/>
          <line num="6" count="1" type="stmt"/>
          <line num="7" count="1" type="stmt"/>
          <line num="220" count="1" type="stmt"/>
          <line num="234" count="1" type="stmt"/>
        </file>
        <file name="Guests.jsx" path="/Users/allisonc/Dev/bookings/client/components/Guests.jsx">
          <metrics statements="29" coveredstatements="21" conditionals="32" coveredconditionals="16" methods="5" coveredmethods="3"/>
          <line num="1" count="1" type="stmt"/>
          <line num="4" count="1" type="stmt"/>
          <line num="10" count="1" type="stmt"/>
          <line num="11" count="1" type="cond" truecount="1" falsecount="1"/>
          <line num="12" count="0" type="stmt"/>
          <line num="14" count="1" type="stmt"/>
          <line num="16" count="1" type="stmt"/>
          <line num="17" count="1" type="cond" truecount="1" falsecount="1"/>
          <line num="18" count="0" type="stmt"/>
          <line num="19" count="1" type="cond" truecount="1" falsecount="1"/>
          <line num="20" count="0" type="stmt"/>
          <line num="24" count="1" type="stmt"/>
          <line num="25" count="3" type="stmt"/>
          <line num="26" count="3" type="cond" truecount="1" falsecount="1"/>
          <line num="27" count="0" type="stmt"/>
          <line num="29" count="3" type="stmt"/>
          <line num="30" count="3" type="cond" truecount="4" falsecount="1"/>
          <line num="31" count="3" type="stmt"/>
          <line num="34" count="3" type="stmt"/>
          <line num="42" count="0" type="cond" truecount="0" falsecount="2"/>
          <line num="43" count="0" type="stmt"/>
          <line num="56" count="0" type="cond" truecount="0" falsecount="5"/>
          <line num="57" count="0" type="stmt"/>
          <line num="68" count="1" type="stmt"/>
          <line num="73" count="1" type="stmt"/>
          <line num="78" count="1" type="stmt"/>
          <line num="83" count="1" type="stmt"/>
          <line num="85" count="1" type="stmt"/>
          <line num="99" count="1" type="stmt"/>
        </file>
        <file name="Header.jsx" path="/Users/allisonc/Dev/bookings/client/components/Header.jsx">
          <metrics statements="4" coveredstatements="4" conditionals="0" coveredconditionals="0" methods="1" coveredmethods="1"/>
          <line num="1" count="1" type="stmt"/>
          <line num="6" count="1" type="stmt"/>
          <line num="22" count="1" type="stmt"/>
          <line num="29" count="1" type="stmt"/>
        </file>
        <file name="Pricing.jsx" path="/Users/allisonc/Dev/bookings/client/components/Pricing.jsx">
          <metrics statements="6" coveredstatements="6" conditionals="0" coveredconditionals="0" methods="1" coveredmethods="1"/>
          <line num="1" count="1" type="stmt"/>
          <line num="5" count="1" type="stmt"/>
          <line num="7" count="1" type="stmt"/>
          <line num="9" count="1" type="stmt"/>
          <line num="56" count="1" type="stmt"/>
          <line num="65" count="1" type="stmt"/>
        </file>
        <file name="Stars.jsx" path="/Users/allisonc/Dev/bookings/client/components/Stars.jsx">
          <metrics statements="2" coveredstatements="2" conditionals="0" coveredconditionals="0" methods="1" coveredmethods="1"/>
          <line num="1" count="2" type="stmt"/>
          <line num="4" count="2" type="stmt"/>
        </file>
      </package>
      <package name="client.styles">
        <metrics statements="0" coveredstatements="0" conditionals="0" coveredconditionals="0" methods="0" coveredmethods="0"/>
        <file name="Calendar.css" path="/Users/allisonc/Dev/bookings/client/styles/Calendar.css">
          <metrics statements="0" coveredstatements="0" conditionals="0" coveredconditionals="0" methods="0" coveredmethods="0"/>
        </file>
        <file name="Dates.css" path="/Users/allisonc/Dev/bookings/client/styles/Dates.css">
          <metrics statements="0" coveredstatements="0" conditionals="0" coveredconditionals="0" methods="0" coveredmethods="0"/>
        </file>
        <file name="Guests.css" path="/Users/allisonc/Dev/bookings/client/styles/Guests.css">
          <metrics statements="0" coveredstatements="0" conditionals="0" coveredconditionals="0" methods="0" coveredmethods="0"/>
        </file>
        <file name="Header.css" path="/Users/allisonc/Dev/bookings/client/styles/Header.css">
          <metrics statements="0" coveredstatements="0" conditionals="0" coveredconditionals="0" methods="0" coveredmethods="0"/>
        </file>
        <file name="Pricing.css" path="/Users/allisonc/Dev/bookings/client/styles/Pricing.css">
          <metrics statements="0" coveredstatements="0" conditionals="0" coveredconditionals="0" methods="0" coveredmethods="0"/>
        </file>
        <file name="Stars.css" path="/Users/allisonc/Dev/bookings/client/styles/Stars.css">
          <metrics statements="0" coveredstatements="0" conditionals="0" coveredconditionals="0" methods="0" coveredmethods="0"/>
        </file>
      </package>
      <package name="database">
        <metrics statements="24" coveredstatements="21" conditionals="6" coveredconditionals="3" methods="6" coveredmethods="6"/>
        <file name="config.js" path="/Users/allisonc/Dev/bookings/database/config.js">
          <metrics statements="4" coveredstatements="4" conditionals="0" coveredconditionals="0" methods="0" coveredmethods="0"/>
          <line num="1" count="1" type="stmt"/>
          <line num="3" count="1" type="stmt"/>
          <line num="10" count="1" type="stmt"/>
          <line num="12" count="1" type="stmt"/>
        </file>
        <file name="index.js" path="/Users/allisonc/Dev/bookings/database/index.js">
          <metrics statements="20" coveredstatements="17" conditionals="6" coveredconditionals="3" methods="6" coveredmethods="6"/>
          <line num="1" count="1" type="stmt"/>
          <line num="3" count="1" type="stmt"/>
          <line num="4" count="4" type="stmt"/>
          <line num="5" count="4" type="stmt"/>
          <line num="6" count="4" type="cond" truecount="1" falsecount="1"/>
          <line num="7" count="0" type="stmt"/>
          <line num="9" count="4" type="stmt"/>
          <line num="14" count="1" type="stmt"/>
          <line num="15" count="4" type="stmt"/>
          <line num="16" count="4" type="stmt"/>
          <line num="17" count="4" type="cond" truecount="1" falsecount="1"/>
          <line num="18" count="0" type="stmt"/>
          <line num="20" count="4" type="stmt"/>
          <line num="25" count="1" type="stmt"/>
          <line num="26" count="1" type="stmt"/>
          <line num="27" count="1" type="stmt"/>
          <line num="28" count="1" type="cond" truecount="1" falsecount="1"/>
          <line num="29" count="0" type="stmt"/>
          <line num="31" count="1" type="stmt"/>
          <line num="36" count="1" type="stmt"/>
        </file>
      </package>
      <package name="server">
        <metrics statements="26" coveredstatements="22" conditionals="6" coveredconditionals="3" methods="7" coveredmethods="6"/>
        <file name="index.js" path="/Users/allisonc/Dev/bookings/server/index.js">
          <metrics statements="26" coveredstatements="22" conditionals="6" coveredconditionals="3" methods="7" coveredmethods="6"/>
          <line num="1" count="1" type="stmt"/>
          <line num="2" count="1" type="stmt"/>
          <line num="3" count="1" type="stmt"/>
          <line num="4" count="1" type="stmt"/>
          <line num="6" count="1" type="stmt"/>
          <line num="8" count="1" type="stmt"/>
          <line num="10" count="1" type="stmt"/>
          <line num="12" count="1" type="stmt"/>
          <line num="14" count="1" type="stmt"/>
          <line num="15" count="0" type="stmt"/>
          <line num="18" count="1" type="stmt"/>
          <line num="19" count="3" type="stmt"/>
          <line num="20" count="3" type="cond" truecount="1" falsecount="1"/>
          <line num="21" count="0" type="stmt"/>
          <line num="23" count="3" type="stmt"/>
          <line num="44" count="1" type="stmt"/>
          <line num="45" count="3" type="stmt"/>
          <line num="46" count="3" type="cond" truecount="1" falsecount="1"/>
          <line num="47" count="0" type="stmt"/>
          <line num="49" count="3" type="stmt"/>
          <line num="54" count="1" type="stmt"/>
          <line num="55" count="1" type="stmt"/>
          <line num="56" count="1" type="cond" truecount="1" falsecount="1"/>
          <line num="57" count="0" type="stmt"/>
          <line num="59" count="1" type="stmt"/>
          <line num="64" count="1" type="stmt"/>
        </file>
      </package>
    </metrics>
  </project>
</coverage>
