{"/Users/allisonc/Dev/bookings/client/setupTests.js": {"path":"/Users/allisonc/Dev/bookings/client/setupTests.js","statementMap":{"0":{"start":{"line":2,"column":223},"end":{"line":2,"column":277}}},"fnMap":{"0":{"name":"_interopRequireDefault","decl":{"start":{"line":2,"column":194},"end":{"line":2,"column":216}},"loc":{"start":{"line":2,"column":222},"end":{"line":2,"column":278}},"line":2}},"branchMap":{"0":{"loc":{"start":{"line":2,"column":230},"end":{"line":2,"column":276}},"type":"cond-expr","locations":[{"start":{"line":2,"column":254},"end":{"line":2,"column":257}},{"start":{"line":2,"column":260},"end":{"line":2,"column":276}}],"line":2},"1":{"loc":{"start":{"line":2,"column":230},"end":{"line":2,"column":251}},"type":"binary-expr","locations":[{"start":{"line":2,"column":230},"end":{"line":2,"column":233}},{"start":{"line":2,"column":237},"end":{"line":2,"column":251}}],"line":2}},"s":{"0":16},"f":{"0":16},"b":{"0":[0,16],"1":[16,16]},"_coverageSchema":"332fd63041d2c1bcb487cc26dd0d5f7d97098a6c","hash":"23fdaab3997ba964f0902af9ba2619d8c0c4b918"}
,"/Users/allisonc/Dev/bookings/client/components/Calendar.jsx": {"path":"/Users/allisonc/Dev/bookings/client/components/Calendar.jsx","statementMap":{"0":{"start":{"line":1,"column":39},"end":{"line":1,"column":101}},"1":{"start":{"line":5,"column":13},"end":{"line":5,"column":30}},"2":{"start":{"line":7,"column":15},"end":{"line":108,"column":1}},"3":{"start":{"line":12,"column":19},"end":{"line":12,"column":61}},"4":{"start":{"line":13,"column":20},"end":{"line":13,"column":22}},"5":{"start":{"line":14,"column":2},"end":{"line":18,"column":5}},"6":{"start":{"line":15,"column":4},"end":{"line":17,"column":5}},"7":{"start":{"line":16,"column":6},"end":{"line":16,"column":28}},"8":{"start":{"line":20,"column":19},"end":{"line":20,"column":47}},"9":{"start":{"line":21,"column":21},"end":{"line":21,"column":49}},"10":{"start":{"line":24,"column":17},"end":{"line":55,"column":4}},"11":{"start":{"line":26,"column":52},"end":{"line":26,"column":136}},"12":{"start":{"line":27,"column":4},"end":{"line":35,"column":5}},"13":{"start":{"line":30,"column":6},"end":{"line":32,"column":17}},"14":{"start":{"line":35,"column":5},"end":{"line":41,"column":5}},"15":{"start":{"line":36,"column":6},"end":{"line":38,"column":17}},"16":{"start":{"line":43,"column":23},"end":{"line":44,"column":93}},"17":{"start":{"line":45,"column":23},"end":{"line":45,"column":69}},"18":{"start":{"line":46,"column":4},"end":{"line":52,"column":15}},"19":{"start":{"line":49,"column":65},"end":{"line":49,"column":136}},"20":{"start":{"line":50,"column":75},"end":{"line":50,"column":118}},"21":{"start":{"line":57,"column":16},"end":{"line":60,"column":3}},"22":{"start":{"line":58,"column":15},"end":{"line":58,"column":70}},"23":{"start":{"line":59,"column":4},"end":{"line":59,"column":80}},"24":{"start":{"line":62,"column":2},"end":{"line":106,"column":3}},"25":{"start":{"line":63,"column":4},"end":{"line":99,"column":248}},"26":{"start":{"line":68,"column":255},"end":{"line":68,"column":275}},"27":{"start":{"line":74,"column":256},"end":{"line":74,"column":276}},"28":{"start":{"line":107,"column":2},"end":{"line":107,"column":14}},"29":{"start":{"line":110,"column":0},"end":{"line":125,"column":94}},"30":{"start":{"line":128,"column":0},"end":{"line":143,"column":67}}},"fnMap":{"0":{"name":"Calendar","decl":{"start":{"line":7,"column":24},"end":{"line":7,"column":32}},"loc":{"start":{"line":7,"column":40},"end":{"line":108,"column":1}},"line":7},"1":{"name":"(anonymous_1)","decl":{"start":{"line":14,"column":19},"end":{"line":14,"column":20}},"loc":{"start":{"line":14,"column":38},"end":{"line":18,"column":3}},"line":14},"2":{"name":"(anonymous_2)","decl":{"start":{"line":24,"column":27},"end":{"line":24,"column":28}},"loc":{"start":{"line":24,"column":43},"end":{"line":55,"column":3}},"line":24},"3":{"name":"onClick","decl":{"start":{"line":49,"column":54},"end":{"line":49,"column":61}},"loc":{"start":{"line":49,"column":64},"end":{"line":49,"column":137}},"line":49},"4":{"name":"onMouseEnter","decl":{"start":{"line":50,"column":59},"end":{"line":50,"column":71}},"loc":{"start":{"line":50,"column":74},"end":{"line":50,"column":119}},"line":50},"5":{"name":"daysAgo","decl":{"start":{"line":57,"column":25},"end":{"line":57,"column":32}},"loc":{"start":{"line":57,"column":45},"end":{"line":60,"column":3}},"line":57},"6":{"name":"onClick","decl":{"start":{"line":68,"column":244},"end":{"line":68,"column":251}},"loc":{"start":{"line":68,"column":254},"end":{"line":68,"column":276}},"line":68},"7":{"name":"onClick","decl":{"start":{"line":74,"column":245},"end":{"line":74,"column":252}},"loc":{"start":{"line":74,"column":255},"end":{"line":74,"column":277}},"line":74},"8":{"name":"(anonymous_8)","decl":{"start":{"line":79,"column":29},"end":{"line":79,"column":30}},"loc":{"start":{"line":79,"column":70},"end":{"line":81,"column":27}},"line":79},"9":{"name":"selectDate","decl":{"start":{"line":134,"column":49},"end":{"line":134,"column":59}},"loc":{"start":{"line":134,"column":62},"end":{"line":134,"column":64}},"line":134},"10":{"name":"changeMonth","decl":{"start":{"line":135,"column":50},"end":{"line":135,"column":61}},"loc":{"start":{"line":135,"column":64},"end":{"line":135,"column":66}},"line":135},"11":{"name":"handleMouseEnter","decl":{"start":{"line":142,"column":55},"end":{"line":142,"column":71}},"loc":{"start":{"line":142,"column":74},"end":{"line":142,"column":76}},"line":142},"12":{"name":"clearDates","decl":{"start":{"line":143,"column":49},"end":{"line":143,"column":59}},"loc":{"start":{"line":143,"column":62},"end":{"line":143,"column":64}},"line":143}},"branchMap":{"0":{"loc":{"start":{"line":26,"column":80},"end":{"line":26,"column":135}},"type":"cond-expr","locations":[{"start":{"line":26,"column":131},"end":{"line":26,"column":135}}],"line":26},"1":{"loc":{"start":{"line":27,"column":4},"end":{"line":35,"column":5}},"type":"if","locations":[{"start":{"line":27,"column":4},"end":{"line":35,"column":5}},{"start":{"line":27,"column":4},"end":{"line":35,"column":5}}],"line":27},"2":{"loc":{"start":{"line":27,"column":8},"end":{"line":29,"column":21}},"type":"binary-expr","locations":[{"start":{"line":27,"column":8},"end":{"line":27,"column":23}},{"start":{"line":27,"column":27},"end":{"line":27,"column":74}},{"start":{"line":28,"column":4},"end":{"line":28,"column":19}},{"start":{"line":28,"column":23},"end":{"line":28,"column":63}},{"start":{"line":29,"column":4},"end":{"line":29,"column":21}}],"line":27},"3":{"loc":{"start":{"line":31,"column":180},"end":{"line":31,"column":201}},"type":"cond-expr","locations":[{"start":{"line":31,"column":188},"end":{"line":31,"column":196}},{"start":{"line":31,"column":199},"end":{"line":31,"column":201}}],"line":31},"4":{"loc":{"start":{"line":35,"column":5},"end":{"line":41,"column":5}},"type":"if","locations":[{"start":{"line":35,"column":5},"end":{"line":41,"column":5}},{"start":{"line":35,"column":5},"end":{"line":41,"column":5}}],"line":35},"5":{"loc":{"start":{"line":43,"column":23},"end":{"line":44,"column":93}},"type":"binary-expr","locations":[{"start":{"line":43,"column":23},"end":{"line":43,"column":45}},{"start":{"line":43,"column":49},"end":{"line":43,"column":76}},{"start":{"line":44,"column":4},"end":{"line":44,"column":43}},{"start":{"line":44,"column":47},"end":{"line":44,"column":93}}],"line":43},"6":{"loc":{"start":{"line":48,"column":68},"end":{"line":48,"column":103}},"type":"cond-expr","locations":[{"start":{"line":48,"column":83},"end":{"line":48,"column":98}},{"start":{"line":48,"column":101},"end":{"line":48,"column":103}}],"line":48},"7":{"loc":{"start":{"line":48,"column":108},"end":{"line":48,"column":143}},"type":"cond-expr","locations":[{"start":{"line":48,"column":123},"end":{"line":48,"column":138}},{"start":{"line":48,"column":141},"end":{"line":48,"column":143}}],"line":48},"8":{"loc":{"start":{"line":59,"column":11},"end":{"line":59,"column":79}},"type":"cond-expr","locations":[{"start":{"line":59,"column":71},"end":{"line":59,"column":79}}],"line":59},"9":{"loc":{"start":{"line":62,"column":2},"end":{"line":106,"column":3}},"type":"if","locations":[{"start":{"line":62,"column":2},"end":{"line":106,"column":3}},{"start":{"line":62,"column":2},"end":{"line":106,"column":3}}],"line":62}},"s":{"0":2,"1":2,"2":2,"3":1,"4":1,"5":1,"6":0,"7":0,"8":1,"9":1,"10":1,"11":0,"12":0,"13":0,"14":0,"15":0,"16":0,"17":0,"18":0,"19":0,"20":0,"21":1,"22":1,"23":1,"24":1,"25":1,"26":0,"27":0,"28":0,"29":2,"30":2},"f":{"0":1,"1":0,"2":0,"3":0,"4":0,"5":1,"6":0,"7":0,"8":7,"9":0,"10":0,"11":0,"12":0},"b":{"0":[0],"1":[0,0],"2":[0,0,0,0,0],"3":[0,0],"4":[0,0],"5":[0,0,0,0],"6":[0,0],"7":[0,0],"8":[0],"9":[1,0]},"_coverageSchema":"332fd63041d2c1bcb487cc26dd0d5f7d97098a6c","hash":"f20a350de3a878444e631ccd0269570e8d97dbe6"}
,"/Users/allisonc/Dev/bookings/client/components/Dates.jsx": {"path":"/Users/allisonc/Dev/bookings/client/components/Dates.jsx","statementMap":{"0":{"start":{"line":1,"column":39},"end":{"line":1,"column":101}},"1":{"start":{"line":1,"column":120},"end":{"line":1,"column":649}},"2":{"start":{"line":1,"column":175},"end":{"line":1,"column":440}},"3":{"start":{"line":1,"column":232},"end":{"line":1,"column":240}},"4":{"start":{"line":1,"column":241},"end":{"line":1,"column":296}},"5":{"start":{"line":1,"column":296},"end":{"line":1,"column":327}},"6":{"start":{"line":1,"column":327},"end":{"line":1,"column":381}},"7":{"start":{"line":1,"column":354},"end":{"line":1,"column":381}},"8":{"start":{"line":1,"column":381},"end":{"line":1,"column":439}},"9":{"start":{"line":1,"column":441},"end":{"line":1,"column":646}},"10":{"start":{"line":1,"column":497},"end":{"line":1,"column":565}},"11":{"start":{"line":1,"column":513},"end":{"line":1,"column":565}},"12":{"start":{"line":1,"column":565},"end":{"line":1,"column":625}},"13":{"start":{"line":1,"column":582},"end":{"line":1,"column":625}},"14":{"start":{"line":1,"column":625},"end":{"line":1,"column":644}},"15":{"start":{"line":4,"column":226},"end":{"line":4,"column":325}},"16":{"start":{"line":4,"column":267},"end":{"line":4,"column":324}},"17":{"start":{"line":4,"column":375},"end":{"line":4,"column":474}},"18":{"start":{"line":4,"column":387},"end":{"line":4,"column":473}},"19":{"start":{"line":4,"column":474},"end":{"line":4,"column":560}},"20":{"start":{"line":4,"column":603},"end":{"line":4,"column":766}},"21":{"start":{"line":4,"column":665},"end":{"line":4,"column":765}},"22":{"start":{"line":4,"column":766},"end":{"line":4,"column":930}},"23":{"start":{"line":4,"column":930},"end":{"line":4,"column":1048}},"24":{"start":{"line":4,"column":946},"end":{"line":4,"column":1048}},"25":{"start":{"line":6,"column":12},"end":{"line":6,"column":28}},"26":{"start":{"line":7,"column":13},"end":{"line":7,"column":30}},"27":{"start":{"line":220,"column":0},"end":{"line":231,"column":97}},"28":{"start":{"line":234,"column":0},"end":{"line":245,"column":25}}},"fnMap":{"0":{"name":"(anonymous_0)","decl":{"start":{"line":1,"column":120},"end":{"line":1,"column":121}},"loc":{"start":{"line":1,"column":132},"end":{"line":1,"column":647}},"line":1},"1":{"name":"defineProperties","decl":{"start":{"line":1,"column":142},"end":{"line":1,"column":158}},"loc":{"start":{"line":1,"column":174},"end":{"line":1,"column":441}},"line":1},"2":{"name":"(anonymous_2)","decl":{"start":{"line":1,"column":448},"end":{"line":1,"column":449}},"loc":{"start":{"line":1,"column":496},"end":{"line":1,"column":645}},"line":1},"3":{"name":"_classCallCheck","decl":{"start":{"line":4,"column":186},"end":{"line":4,"column":201}},"loc":{"start":{"line":4,"column":225},"end":{"line":4,"column":326}},"line":4},"4":{"name":"_possibleConstructorReturn","decl":{"start":{"line":4,"column":335},"end":{"line":4,"column":361}},"loc":{"start":{"line":4,"column":374},"end":{"line":4,"column":561}},"line":4},"5":{"name":"_inherits","decl":{"start":{"line":4,"column":570},"end":{"line":4,"column":579}},"loc":{"start":{"line":4,"column":602},"end":{"line":4,"column":1049}},"line":4},"6":{"name":"selectDate","decl":{"start":{"line":236,"column":49},"end":{"line":236,"column":59}},"loc":{"start":{"line":236,"column":62},"end":{"line":236,"column":64}},"line":236},"7":{"name":"openCalendar","decl":{"start":{"line":241,"column":51},"end":{"line":241,"column":63}},"loc":{"start":{"line":241,"column":66},"end":{"line":241,"column":68}},"line":241},"8":{"name":"resetDatesRender","decl":{"start":{"line":243,"column":55},"end":{"line":243,"column":71}},"loc":{"start":{"line":243,"column":74},"end":{"line":243,"column":76}},"line":243}},"branchMap":{"0":{"loc":{"start":{"line":1,"column":265},"end":{"line":1,"column":295}},"type":"binary-expr","locations":[{"start":{"line":1,"column":265},"end":{"line":1,"column":286}},{"start":{"line":1,"column":290},"end":{"line":1,"column":295}}],"line":1},"1":{"loc":{"start":{"line":1,"column":327},"end":{"line":1,"column":381}},"type":"if","locations":[{"start":{"line":1,"column":327},"end":{"line":1,"column":381}},{"start":{"line":1,"column":327},"end":{"line":1,"column":381}}],"line":1},"2":{"loc":{"start":{"line":1,"column":497},"end":{"line":1,"column":565}},"type":"if","locations":[{"start":{"line":1,"column":497},"end":{"line":1,"column":565}},{"start":{"line":1,"column":497},"end":{"line":1,"column":565}}],"line":1},"3":{"loc":{"start":{"line":1,"column":565},"end":{"line":1,"column":625}},"type":"if","locations":[{"start":{"line":1,"column":565},"end":{"line":1,"column":625}},{"start":{"line":1,"column":565},"end":{"line":1,"column":625}}],"line":1},"4":{"loc":{"start":{"line":4,"column":226},"end":{"line":4,"column":325}},"type":"if","locations":[{"start":{"line":4,"column":226},"end":{"line":4,"column":325}},{"start":{"line":4,"column":226},"end":{"line":4,"column":325}}],"line":4},"5":{"loc":{"start":{"line":4,"column":375},"end":{"line":4,"column":474}},"type":"if","locations":[{"start":{"line":4,"column":375},"end":{"line":4,"column":474}},{"start":{"line":4,"column":375},"end":{"line":4,"column":474}}],"line":4},"6":{"loc":{"start":{"line":4,"column":481},"end":{"line":4,"column":559}},"type":"cond-expr","locations":[{"start":{"line":4,"column":548},"end":{"line":4,"column":552}},{"start":{"line":4,"column":555},"end":{"line":4,"column":559}}],"line":4},"7":{"loc":{"start":{"line":4,"column":481},"end":{"line":4,"column":545}},"type":"binary-expr","locations":[{"start":{"line":4,"column":481},"end":{"line":4,"column":485}},{"start":{"line":4,"column":490},"end":{"line":4,"column":514}},{"start":{"line":4,"column":518},"end":{"line":4,"column":544}}],"line":4},"8":{"loc":{"start":{"line":4,"column":603},"end":{"line":4,"column":766}},"type":"if","locations":[{"start":{"line":4,"column":603},"end":{"line":4,"column":766}},{"start":{"line":4,"column":603},"end":{"line":4,"column":766}}],"line":4},"9":{"loc":{"start":{"line":4,"column":607},"end":{"line":4,"column":662}},"type":"binary-expr","locations":[{"start":{"line":4,"column":607},"end":{"line":4,"column":639}},{"start":{"line":4,"column":643},"end":{"line":4,"column":662}}],"line":4},"10":{"loc":{"start":{"line":4,"column":801},"end":{"line":4,"column":835}},"type":"binary-expr","locations":[{"start":{"line":4,"column":801},"end":{"line":4,"column":811}},{"start":{"line":4,"column":815},"end":{"line":4,"column":835}}],"line":4},"11":{"loc":{"start":{"line":4,"column":930},"end":{"line":4,"column":1048}},"type":"if","locations":[{"start":{"line":4,"column":930},"end":{"line":4,"column":1048}},{"start":{"line":4,"column":930},"end":{"line":4,"column":1048}}],"line":4},"12":{"loc":{"start":{"line":4,"column":946},"end":{"line":4,"column":1047}},"type":"cond-expr","locations":[{"start":{"line":4,"column":970},"end":{"line":4,"column":1013}},{"start":{"line":4,"column":1016},"end":{"line":4,"column":1047}}],"line":4}},"s":{"0":1,"1":1,"2":1,"3":10,"4":10,"5":10,"6":10,"7":10,"8":10,"9":1,"10":1,"11":1,"12":1,"13":0,"14":1,"15":1,"16":0,"17":1,"18":0,"19":1,"20":1,"21":0,"22":1,"23":1,"24":1,"25":1,"26":1,"27":1,"28":1},"f":{"0":1,"1":1,"2":1,"3":1,"4":1,"5":1,"6":0,"7":0,"8":0},"b":{"0":[10,10],"1":[10,0],"2":[1,0],"3":[0,1],"4":[0,1],"5":[0,1],"6":[0,1],"7":[1,0,0],"8":[0,1],"9":[1,0],"10":[1,1],"11":[1,0],"12":[1,0]},"_coverageSchema":"332fd63041d2c1bcb487cc26dd0d5f7d97098a6c","hash":"217fbc5563aa173df92b0051d9407f227a670adf"}
,"/Users/allisonc/Dev/bookings/client/components/Guests.jsx": {"path":"/Users/allisonc/Dev/bookings/client/components/Guests.jsx","statementMap":{"0":{"start":{"line":1,"column":39},"end":{"line":1,"column":101}},"1":{"start":{"line":4,"column":13},"end":{"line":141,"column":1}},"2":{"start":{"line":10,"column":16},"end":{"line":10,"column":18}},"3":{"start":{"line":11,"column":2},"end":{"line":15,"column":3}},"4":{"start":{"line":12,"column":4},"end":{"line":12,"column":90}},"5":{"start":{"line":14,"column":4},"end":{"line":14,"column":24}},"6":{"start":{"line":16,"column":23},"end":{"line":16,"column":25}},"7":{"start":{"line":17,"column":2},"end":{"line":21,"column":3}},"8":{"start":{"line":18,"column":4},"end":{"line":18,"column":32}},"9":{"start":{"line":19,"column":9},"end":{"line":21,"column":3}},"10":{"start":{"line":20,"column":4},"end":{"line":20,"column":78}},"11":{"start":{"line":24,"column":22},"end":{"line":65,"column":3}},"12":{"start":{"line":25,"column":27},"end":{"line":25,"column":32}},"13":{"start":{"line":26,"column":4},"end":{"line":28,"column":5}},"14":{"start":{"line":27,"column":6},"end":{"line":27,"column":30}},"15":{"start":{"line":29,"column":22},"end":{"line":29,"column":26}},"16":{"start":{"line":30,"column":4},"end":{"line":32,"column":5}},"17":{"start":{"line":31,"column":6},"end":{"line":31,"column":26}},"18":{"start":{"line":34,"column":4},"end":{"line":59,"column":23}},"19":{"start":{"line":42,"column":16},"end":{"line":44,"column":17}},"20":{"start":{"line":43,"column":18},"end":{"line":43,"column":49}},"21":{"start":{"line":56,"column":16},"end":{"line":58,"column":17}},"22":{"start":{"line":57,"column":18},"end":{"line":57,"column":49}},"23":{"start":{"line":68,"column":15},"end":{"line":71,"column":30}},"24":{"start":{"line":73,"column":17},"end":{"line":76,"column":32}},"25":{"start":{"line":78,"column":16},"end":{"line":81,"column":31}},"26":{"start":{"line":83,"column":15},"end":{"line":83,"column":42}},"27":{"start":{"line":85,"column":21},"end":{"line":95,"column":61}},"28":{"start":{"line":99,"column":2},"end":{"line":133,"column":246}}},"fnMap":{"0":{"name":"Guests","decl":{"start":{"line":4,"column":22},"end":{"line":4,"column":28}},"loc":{"start":{"line":4,"column":36},"end":{"line":141,"column":1}},"line":4},"1":{"name":"createToggles","decl":{"start":{"line":24,"column":31},"end":{"line":24,"column":44}},"loc":{"start":{"line":24,"column":64},"end":{"line":65,"column":3}},"line":24},"2":{"name":"onClick","decl":{"start":{"line":41,"column":58},"end":{"line":41,"column":65}},"loc":{"start":{"line":41,"column":68},"end":{"line":45,"column":15}},"line":41},"3":{"name":"onClick","decl":{"start":{"line":55,"column":58},"end":{"line":55,"column":65}},"loc":{"start":{"line":55,"column":68},"end":{"line":59,"column":15}},"line":55},"4":{"name":"(anonymous_4)","decl":{"start":{"line":85,"column":32},"end":{"line":85,"column":33}},"loc":{"start":{"line":85,"column":79},"end":{"line":95,"column":60}},"line":85}},"branchMap":{"0":{"loc":{"start":{"line":11,"column":2},"end":{"line":15,"column":3}},"type":"if","locations":[{"start":{"line":11,"column":2},"end":{"line":15,"column":3}},{"start":{"line":11,"column":2},"end":{"line":15,"column":3}}],"line":11},"1":{"loc":{"start":{"line":17,"column":2},"end":{"line":21,"column":3}},"type":"if","locations":[{"start":{"line":17,"column":2},"end":{"line":21,"column":3}},{"start":{"line":17,"column":2},"end":{"line":21,"column":3}}],"line":17},"2":{"loc":{"start":{"line":19,"column":9},"end":{"line":21,"column":3}},"type":"if","locations":[{"start":{"line":19,"column":9},"end":{"line":21,"column":3}},{"start":{"line":19,"column":9},"end":{"line":21,"column":3}}],"line":19},"3":{"loc":{"start":{"line":26,"column":4},"end":{"line":28,"column":5}},"type":"if","locations":[{"start":{"line":26,"column":4},"end":{"line":28,"column":5}},{"start":{"line":26,"column":4},"end":{"line":28,"column":5}}],"line":26},"4":{"loc":{"start":{"line":30,"column":4},"end":{"line":32,"column":5}},"type":"if","locations":[{"start":{"line":30,"column":4},"end":{"line":32,"column":5}},{"start":{"line":30,"column":4},"end":{"line":32,"column":5}}],"line":30},"5":{"loc":{"start":{"line":30,"column":8},"end":{"line":30,"column":67}},"type":"binary-expr","locations":[{"start":{"line":30,"column":8},"end":{"line":30,"column":30}},{"start":{"line":30,"column":34},"end":{"line":30,"column":56}},{"start":{"line":30,"column":60},"end":{"line":30,"column":67}}],"line":30},"6":{"loc":{"start":{"line":40,"column":82},"end":{"line":40,"column":112}},"type":"cond-expr","locations":[{"start":{"line":40,"column":96},"end":{"line":40,"column":98}},{"start":{"line":40,"column":101},"end":{"line":40,"column":112}}],"line":40},"7":{"loc":{"start":{"line":42,"column":16},"end":{"line":44,"column":17}},"type":"if","locations":[{"start":{"line":42,"column":16},"end":{"line":44,"column":17}},{"start":{"line":42,"column":16},"end":{"line":44,"column":17}}],"line":42},"8":{"loc":{"start":{"line":54,"column":80},"end":{"line":54,"column":142}},"type":"cond-expr","locations":[{"start":{"line":54,"column":126},"end":{"line":54,"column":137}},{"start":{"line":54,"column":140},"end":{"line":54,"column":142}}],"line":54},"9":{"loc":{"start":{"line":54,"column":80},"end":{"line":54,"column":123}},"type":"binary-expr","locations":[{"start":{"line":54,"column":80},"end":{"line":54,"column":96}},{"start":{"line":54,"column":100},"end":{"line":54,"column":123}}],"line":54},"10":{"loc":{"start":{"line":56,"column":16},"end":{"line":58,"column":17}},"type":"if","locations":[{"start":{"line":56,"column":16},"end":{"line":58,"column":17}},{"start":{"line":56,"column":16},"end":{"line":58,"column":17}}],"line":56},"11":{"loc":{"start":{"line":56,"column":20},"end":{"line":56,"column":84}},"type":"binary-expr","locations":[{"start":{"line":56,"column":20},"end":{"line":56,"column":37}},{"start":{"line":56,"column":41},"end":{"line":56,"column":57}},{"start":{"line":56,"column":61},"end":{"line":56,"column":84}}],"line":56},"12":{"loc":{"start":{"line":102,"column":187},"end":{"line":102,"column":219}},"type":"cond-expr","locations":[{"start":{"line":102,"column":202},"end":{"line":102,"column":214}},{"start":{"line":102,"column":217},"end":{"line":102,"column":219}}],"line":102},"13":{"loc":{"start":{"line":106,"column":10},"end":{"line":110,"column":30}},"type":"binary-expr","locations":[{"start":{"line":106,"column":10},"end":{"line":106,"column":31}}],"line":106},"14":{"loc":{"start":{"line":115,"column":8},"end":{"line":117,"column":228}},"type":"binary-expr","locations":[{"start":{"line":115,"column":8},"end":{"line":115,"column":20}}],"line":115},"15":{"loc":{"start":{"line":120,"column":8},"end":{"line":122,"column":230}},"type":"binary-expr","locations":[{"start":{"line":120,"column":8},"end":{"line":120,"column":21}}],"line":120},"16":{"loc":{"start":{"line":126,"column":6},"end":{"line":133,"column":243}},"type":"binary-expr","locations":[{"start":{"line":126,"column":6},"end":{"line":126,"column":18}}],"line":126}},"s":{"0":1,"1":1,"2":1,"3":1,"4":0,"5":1,"6":1,"7":1,"8":0,"9":1,"10":0,"11":1,"12":3,"13":3,"14":0,"15":3,"16":3,"17":3,"18":3,"19":0,"20":0,"21":0,"22":0,"23":1,"24":1,"25":1,"26":1,"27":1,"28":1},"f":{"0":1,"1":3,"2":0,"3":0,"4":3},"b":{"0":[0,1],"1":[0,1],"2":[0,1],"3":[0,3],"4":[3,0],"5":[3,1,3],"6":[0,3],"7":[0,0],"8":[0,3],"9":[3,0],"10":[0,0],"11":[0,0,0],"12":[1,0],"13":[1],"14":[1],"15":[1],"16":[1]},"_coverageSchema":"332fd63041d2c1bcb487cc26dd0d5f7d97098a6c","hash":"6e305405f69dff4e9dfe965ca773cfa530097caf"}
,"/Users/allisonc/Dev/bookings/client/components/Header.jsx": {"path":"/Users/allisonc/Dev/bookings/client/components/Header.jsx","statementMap":{"0":{"start":{"line":1,"column":39},"end":{"line":1,"column":101}},"1":{"start":{"line":6,"column":14},"end":{"line":17,"column":193}},"2":{"start":{"line":22,"column":0},"end":{"line":25,"column":96}},"3":{"start":{"line":29,"column":0},"end":{"line":30,"column":20}}},"fnMap":{"0":{"name":"Headers","decl":{"start":{"line":6,"column":23},"end":{"line":6,"column":30}},"loc":{"start":{"line":6,"column":90},"end":{"line":17,"column":193}},"line":6}},"branchMap":{},"s":{"0":1,"1":1,"2":1,"3":1},"f":{"0":1},"b":{},"_coverageSchema":"332fd63041d2c1bcb487cc26dd0d5f7d97098a6c","hash":"537fcf997ba1d99c821fdc40b4d39ce521f2dc68"}
,"/Users/allisonc/Dev/bookings/client/components/Pricing.jsx": {"path":"/Users/allisonc/Dev/bookings/client/components/Pricing.jsx","statementMap":{"0":{"start":{"line":1,"column":39},"end":{"line":1,"column":101}},"1":{"start":{"line":5,"column":14},"end":{"line":54,"column":1}},"2":{"start":{"line":7,"column":18},"end":{"line":7,"column":55}},"3":{"start":{"line":9,"column":2},"end":{"line":46,"column":85}},"4":{"start":{"line":56,"column":0},"end":{"line":62,"column":96}},"5":{"start":{"line":65,"column":0},"end":{"line":67,"column":18}}},"fnMap":{"0":{"name":"Pricing","decl":{"start":{"line":5,"column":23},"end":{"line":5,"column":30}},"loc":{"start":{"line":5,"column":38},"end":{"line":54,"column":1}},"line":5}},"branchMap":{},"s":{"0":1,"1":1,"2":1,"3":1,"4":1,"5":1},"f":{"0":1},"b":{},"_coverageSchema":"332fd63041d2c1bcb487cc26dd0d5f7d97098a6c","hash":"c56f6997f3d918eed3b160af4506c0a59790d6bd"}
,"/Users/allisonc/Dev/bookings/client/components/Stars.jsx": {"path":"/Users/allisonc/Dev/bookings/client/components/Stars.jsx","statementMap":{"0":{"start":{"line":1,"column":39},"end":{"line":1,"column":101}},"1":{"start":{"line":4,"column":12},"end":{"line":15,"column":6}}},"fnMap":{"0":{"name":"Stars","decl":{"start":{"line":4,"column":21},"end":{"line":4,"column":26}},"loc":{"start":{"line":4,"column":86},"end":{"line":15,"column":6}},"line":4}},"branchMap":{},"s":{"0":2,"1":2},"f":{"0":1},"b":{},"_coverageSchema":"332fd63041d2c1bcb487cc26dd0d5f7d97098a6c","hash":"294011853ea0b9c2f97c55649666ca389952213b"}
,"/Users/allisonc/Dev/bookings/client/styles/Calendar.css": {"path":"/Users/allisonc/Dev/bookings/client/styles/Calendar.css","statementMap":{},"fnMap":{},"branchMap":{},"s":{},"f":{},"b":{},"_coverageSchema":"332fd63041d2c1bcb487cc26dd0d5f7d97098a6c","hash":"a4be6df0b23b2656a694226063c2688cb3c67376"}
,"/Users/allisonc/Dev/bookings/client/styles/Dates.css": {"path":"/Users/allisonc/Dev/bookings/client/styles/Dates.css","statementMap":{},"fnMap":{},"branchMap":{},"s":{},"f":{},"b":{},"_coverageSchema":"332fd63041d2c1bcb487cc26dd0d5f7d97098a6c","hash":"afdf7bbbd78be9492cb0b4c09ae5a3a71764a817"}
,"/Users/allisonc/Dev/bookings/client/styles/Guests.css": {"path":"/Users/allisonc/Dev/bookings/client/styles/Guests.css","statementMap":{},"fnMap":{},"branchMap":{},"s":{},"f":{},"b":{},"_coverageSchema":"332fd63041d2c1bcb487cc26dd0d5f7d97098a6c","hash":"3a6c60680434a391c747adb441a0b49bd3ba65a4"}
,"/Users/allisonc/Dev/bookings/client/styles/Header.css": {"path":"/Users/allisonc/Dev/bookings/client/styles/Header.css","statementMap":{},"fnMap":{},"branchMap":{},"s":{},"f":{},"b":{},"_coverageSchema":"332fd63041d2c1bcb487cc26dd0d5f7d97098a6c","hash":"0eaa55e0fbbcb0a90fdce893f667740429577657"}
,"/Users/allisonc/Dev/bookings/client/styles/Pricing.css": {"path":"/Users/allisonc/Dev/bookings/client/styles/Pricing.css","statementMap":{},"fnMap":{},"branchMap":{},"s":{},"f":{},"b":{},"_coverageSchema":"332fd63041d2c1bcb487cc26dd0d5f7d97098a6c","hash":"1d7822ef3ebbd196e291ad3f88ce21351d4d5901"}
,"/Users/allisonc/Dev/bookings/client/styles/Stars.css": {"path":"/Users/allisonc/Dev/bookings/client/styles/Stars.css","statementMap":{},"fnMap":{},"branchMap":{},"s":{},"f":{},"b":{},"_coverageSchema":"332fd63041d2c1bcb487cc26dd0d5f7d97098a6c","hash":"f3ef22a713e0c2caba454d7ba5fb11fc488e1a5f"}
,"/Users/allisonc/Dev/bookings/database/config.js": {"path":"/Users/allisonc/Dev/bookings/database/config.js","statementMap":{"0":{"start":{"line":1,"column":51},"end":{"line":1,"column":67}},"1":{"start":{"line":3,"column":17},"end":{"line":7,"column":25}},"2":{"start":{"line":10,"column":0},"end":{"line":10,"column":21}},"3":{"start":{"line":12,"column":0},"end":{"line":12,"column":28}}},"fnMap":{},"branchMap":{},"s":{"0":1,"1":1,"2":1,"3":1},"f":{},"b":{},"_coverageSchema":"332fd63041d2c1bcb487cc26dd0d5f7d97098a6c","hash":"5b5110a1f36a18587ad41255e8dbbe9f98befab2"}
,"/Users/allisonc/Dev/bookings/database/index.js": {"path":"/Users/allisonc/Dev/bookings/database/index.js","statementMap":{"0":{"start":{"line":1,"column":48},"end":{"line":1,"column":70}},"1":{"start":{"line":3,"column":21},"end":{"line":12,"column":1}},"2":{"start":{"line":4,"column":20},"end":{"line":4,"column":65}},"3":{"start":{"line":5,"column":2},"end":{"line":11,"column":5}},"4":{"start":{"line":6,"column":4},"end":{"line":10,"column":5}},"5":{"start":{"line":7,"column":6},"end":{"line":7,"column":16}},"6":{"start":{"line":9,"column":6},"end":{"line":9,"column":30}},"7":{"start":{"line":14,"column":18},"end":{"line":23,"column":1}},"8":{"start":{"line":15,"column":20},"end":{"line":15,"column":54}},"9":{"start":{"line":16,"column":2},"end":{"line":22,"column":5}},"10":{"start":{"line":17,"column":4},"end":{"line":21,"column":5}},"11":{"start":{"line":18,"column":6},"end":{"line":18,"column":16}},"12":{"start":{"line":20,"column":6},"end":{"line":20,"column":33}},"13":{"start":{"line":25,"column":17},"end":{"line":34,"column":1}},"14":{"start":{"line":26,"column":20},"end":{"line":26,"column":94}},"15":{"start":{"line":27,"column":2},"end":{"line":33,"column":5}},"16":{"start":{"line":28,"column":4},"end":{"line":32,"column":5}},"17":{"start":{"line":29,"column":6},"end":{"line":29,"column":16}},"18":{"start":{"line":31,"column":6},"end":{"line":31,"column":30}},"19":{"start":{"line":36,"column":0},"end":{"line":39,"column":27}}},"fnMap":{"0":{"name":"getAllBookings","decl":{"start":{"line":3,"column":30},"end":{"line":3,"column":44}},"loc":{"start":{"line":3,"column":63},"end":{"line":12,"column":1}},"line":3},"1":{"name":"(anonymous_1)","decl":{"start":{"line":5,"column":32},"end":{"line":5,"column":33}},"loc":{"start":{"line":5,"column":56},"end":{"line":11,"column":3}},"line":5},"2":{"name":"getRoomInfo","decl":{"start":{"line":14,"column":27},"end":{"line":14,"column":38}},"loc":{"start":{"line":14,"column":57},"end":{"line":23,"column":1}},"line":14},"3":{"name":"(anonymous_3)","decl":{"start":{"line":16,"column":32},"end":{"line":16,"column":33}},"loc":{"start":{"line":16,"column":56},"end":{"line":22,"column":3}},"line":16},"4":{"name":"addBooking","decl":{"start":{"line":25,"column":26},"end":{"line":25,"column":36}},"loc":{"start":{"line":25,"column":55},"end":{"line":34,"column":1}},"line":25},"5":{"name":"(anonymous_5)","decl":{"start":{"line":27,"column":32},"end":{"line":27,"column":33}},"loc":{"start":{"line":27,"column":56},"end":{"line":33,"column":3}},"line":27}},"branchMap":{"0":{"loc":{"start":{"line":6,"column":4},"end":{"line":10,"column":5}},"type":"if","locations":[{"start":{"line":6,"column":4},"end":{"line":10,"column":5}},{"start":{"line":6,"column":4},"end":{"line":10,"column":5}}],"line":6},"1":{"loc":{"start":{"line":17,"column":4},"end":{"line":21,"column":5}},"type":"if","locations":[{"start":{"line":17,"column":4},"end":{"line":21,"column":5}},{"start":{"line":17,"column":4},"end":{"line":21,"column":5}}],"line":17},"2":{"loc":{"start":{"line":28,"column":4},"end":{"line":32,"column":5}},"type":"if","locations":[{"start":{"line":28,"column":4},"end":{"line":32,"column":5}},{"start":{"line":28,"column":4},"end":{"line":32,"column":5}}],"line":28}},"s":{"0":1,"1":1,"2":4,"3":4,"4":4,"5":0,"6":4,"7":1,"8":4,"9":4,"10":4,"11":0,"12":4,"13":1,"14":1,"15":1,"16":1,"17":0,"18":1,"19":1},"f":{"0":4,"1":4,"2":4,"3":4,"4":1,"5":1},"b":{"0":[0,4],"1":[0,4],"2":[0,1]},"_coverageSchema":"332fd63041d2c1bcb487cc26dd0d5f7d97098a6c","hash":"8a0f370ba838b712d470e41a8f623c958a224e5e"}
,"/Users/allisonc/Dev/bookings/server/index.js": {"path":"/Users/allisonc/Dev/bookings/server/index.js","statementMap":{"0":{"start":{"line":1,"column":53},"end":{"line":1,"column":71}},"1":{"start":{"line":2,"column":11},"end":{"line":2,"column":26}},"2":{"start":{"line":3,"column":17},"end":{"line":3,"column":39}},"3":{"start":{"line":4,"column":9},"end":{"line":4,"column":40}},"4":{"start":{"line":6,"column":10},"end":{"line":6,"column":19}},"5":{"start":{"line":8,"column":0},"end":{"line":8,"column":73}},"6":{"start":{"line":10,"column":0},"end":{"line":10,"column":52}},"7":{"start":{"line":12,"column":0},"end":{"line":12,"column":27}},"8":{"start":{"line":14,"column":0},"end":{"line":16,"column":3}},"9":{"start":{"line":15,"column":2},"end":{"line":15,"column":32}},"10":{"start":{"line":18,"column":0},"end":{"line":26,"column":3}},"11":{"start":{"line":19,"column":2},"end":{"line":25,"column":5}},"12":{"start":{"line":20,"column":4},"end":{"line":24,"column":5}},"13":{"start":{"line":21,"column":6},"end":{"line":21,"column":16}},"14":{"start":{"line":23,"column":6},"end":{"line":23,"column":28}},"15":{"start":{"line":44,"column":0},"end":{"line":52,"column":3}},"16":{"start":{"line":45,"column":2},"end":{"line":51,"column":5}},"17":{"start":{"line":46,"column":4},"end":{"line":50,"column":5}},"18":{"start":{"line":47,"column":6},"end":{"line":47,"column":16}},"19":{"start":{"line":49,"column":6},"end":{"line":49,"column":25}},"20":{"start":{"line":54,"column":0},"end":{"line":62,"column":3}},"21":{"start":{"line":55,"column":2},"end":{"line":61,"column":5}},"22":{"start":{"line":56,"column":4},"end":{"line":60,"column":5}},"23":{"start":{"line":57,"column":6},"end":{"line":57,"column":16}},"24":{"start":{"line":59,"column":6},"end":{"line":59,"column":32}},"25":{"start":{"line":64,"column":0},"end":{"line":64,"column":21}}},"fnMap":{"0":{"name":"(anonymous_0)","decl":{"start":{"line":14,"column":22},"end":{"line":14,"column":23}},"loc":{"start":{"line":14,"column":42},"end":{"line":16,"column":1}},"line":14},"1":{"name":"(anonymous_1)","decl":{"start":{"line":18,"column":31},"end":{"line":18,"column":32}},"loc":{"start":{"line":18,"column":51},"end":{"line":26,"column":1}},"line":18},"2":{"name":"(anonymous_2)","decl":{"start":{"line":19,"column":37},"end":{"line":19,"column":38}},"loc":{"start":{"line":19,"column":65},"end":{"line":25,"column":3}},"line":19},"3":{"name":"(anonymous_3)","decl":{"start":{"line":44,"column":27},"end":{"line":44,"column":28}},"loc":{"start":{"line":44,"column":47},"end":{"line":52,"column":1}},"line":44},"4":{"name":"(anonymous_4)","decl":{"start":{"line":45,"column":34},"end":{"line":45,"column":35}},"loc":{"start":{"line":45,"column":59},"end":{"line":51,"column":3}},"line":45},"5":{"name":"(anonymous_5)","decl":{"start":{"line":54,"column":32},"end":{"line":54,"column":33}},"loc":{"start":{"line":54,"column":52},"end":{"line":62,"column":1}},"line":54},"6":{"name":"(anonymous_6)","decl":{"start":{"line":55,"column":71},"end":{"line":55,"column":72}},"loc":{"start":{"line":55,"column":86},"end":{"line":61,"column":3}},"line":55}},"branchMap":{"0":{"loc":{"start":{"line":20,"column":4},"end":{"line":24,"column":5}},"type":"if","locations":[{"start":{"line":20,"column":4},"end":{"line":24,"column":5}},{"start":{"line":20,"column":4},"end":{"line":24,"column":5}}],"line":20},"1":{"loc":{"start":{"line":46,"column":4},"end":{"line":50,"column":5}},"type":"if","locations":[{"start":{"line":46,"column":4},"end":{"line":50,"column":5}},{"start":{"line":46,"column":4},"end":{"line":50,"column":5}}],"line":46},"2":{"loc":{"start":{"line":56,"column":4},"end":{"line":60,"column":5}},"type":"if","locations":[{"start":{"line":56,"column":4},"end":{"line":60,"column":5}},{"start":{"line":56,"column":4},"end":{"line":60,"column":5}}],"line":56}},"s":{"0":1,"1":1,"2":1,"3":1,"4":1,"5":1,"6":1,"7":1,"8":1,"9":0,"10":1,"11":3,"12":3,"13":0,"14":3,"15":1,"16":3,"17":3,"18":0,"19":3,"20":1,"21":1,"22":1,"23":0,"24":1,"25":1},"f":{"0":0,"1":3,"2":3,"3":3,"4":3,"5":1,"6":1},"b":{"0":[0,3],"1":[0,3],"2":[0,1]},"_coverageSchema":"332fd63041d2c1bcb487cc26dd0d5f7d97098a6c","hash":"b571153787f77f2298888c0da4fd50fceb4b9c15"}
}
