TN:
SF:/Users/allisonc/Dev/bookings/client/setupTests.js
FN:2,_interopRequireDefault
FNF:1
FNH:1
FNDA:16,_interopRequireDefault
DA:2,16
LF:1
LH:1
BRDA:2,0,0,0
BRDA:2,0,1,16
BRDA:2,1,0,16
BRDA:2,1,1,16
BRF:4
BRH:3
end_of_record
TN:
SF:/Users/allisonc/Dev/bookings/client/components/Calendar.jsx
FN:7,Calendar
FN:14,(anonymous_1)
FN:24,(anonymous_2)
FN:49,onClick
FN:50,onMouseEnter
FN:57,daysAgo
FN:68,onClick
FN:74,onClick
FN:79,(anonymous_8)
FN:134,selectDate
FN:135,changeMonth
FN:142,handleMouseEnter
FN:143,clearDates
FNF:13
FNH:3
FNDA:1,Calendar
FNDA:0,(anonymous_1)
FNDA:0,(anonymous_2)
FNDA:0,onClick
FNDA:0,onMouseEnter
FNDA:1,daysAgo
FNDA:0,onClick
FNDA:0,onClick
FNDA:7,(anonymous_8)
FNDA:0,selectDate
FNDA:0,changeMonth
FNDA:0,handleMouseEnter
FNDA:0,clearDates
DA:1,2
DA:5,2
DA:7,2
DA:12,1
DA:13,1
DA:14,1
DA:15,0
DA:16,0
DA:20,1
DA:21,1
DA:24,1
DA:26,0
DA:27,0
DA:30,0
DA:35,0
DA:36,0
DA:43,0
DA:45,0
DA:46,0
DA:49,0
DA:50,0
DA:57,1
DA:58,1
DA:59,1
DA:62,1
DA:63,1
DA:68,0
DA:74,0
DA:107,0
DA:110,2
DA:128,2
LF:31
LH:16
BRDA:26,0,0,0
BRDA:27,1,0,0
BRDA:27,1,1,0
BRDA:27,2,0,0
BRDA:27,2,1,0
BRDA:27,2,2,0
BRDA:27,2,3,0
BRDA:27,2,4,0
BRDA:31,3,0,0
BRDA:31,3,1,0
BRDA:35,4,0,0
BRDA:35,4,1,0
BRDA:43,5,0,0
BRDA:43,5,1,0
BRDA:43,5,2,0
BRDA:43,5,3,0
BRDA:48,6,0,0
BRDA:48,6,1,0
BRDA:48,7,0,0
BRDA:48,7,1,0
BRDA:59,8,0,0
BRDA:62,9,0,1
BRDA:62,9,1,0
BRF:23
BRH:1
end_of_record
TN:
SF:/Users/allisonc/Dev/bookings/client/components/Dates.jsx
FN:1,(anonymous_0)
FN:1,defineProperties
FN:1,(anonymous_2)
FN:4,_classCallCheck
FN:4,_possibleConstructorReturn
FN:4,_inherits
FN:236,selectDate
FN:241,openCalendar
FN:243,resetDatesRender
FNF:9
FNH:6
FNDA:1,(anonymous_0)
FNDA:1,defineProperties
FNDA:1,(anonymous_2)
FNDA:1,_classCallCheck
FNDA:1,_possibleConstructorReturn
FNDA:1,_inherits
FNDA:0,selectDate
FNDA:0,openCalendar
FNDA:0,resetDatesRender
DA:1,10
DA:4,1
DA:6,1
DA:7,1
DA:220,1
DA:234,1
LF:6
LH:6
BRDA:1,0,0,10
BRDA:1,0,1,10
BRDA:1,1,0,10
BRDA:1,1,1,0
BRDA:1,2,0,1
BRDA:1,2,1,0
BRDA:1,3,0,0
BRDA:1,3,1,1
BRDA:4,4,0,0
BRDA:4,4,1,1
BRDA:4,5,0,0
BRDA:4,5,1,1
BRDA:4,6,0,0
BRDA:4,6,1,1
BRDA:4,7,0,1
BRDA:4,7,1,0
BRDA:4,7,2,0
BRDA:4,8,0,0
BRDA:4,8,1,1
BRDA:4,9,0,1
BRDA:4,9,1,0
BRDA:4,10,0,1
BRDA:4,10,1,1
BRDA:4,11,0,1
BRDA:4,11,1,0
BRDA:4,12,0,1
BRDA:4,12,1,0
BRF:27
BRH:15
end_of_record
TN:
SF:/Users/allisonc/Dev/bookings/client/components/Guests.jsx
FN:4,Guests
FN:24,createToggles
FN:41,onClick
FN:55,onClick
FN:85,(anonymous_4)
FNF:5
FNH:3
FNDA:1,Guests
FNDA:3,createToggles
FNDA:0,onClick
FNDA:0,onClick
FNDA:3,(anonymous_4)
DA:1,1
DA:4,1
DA:10,1
DA:11,1
DA:12,0
DA:14,1
DA:16,1
DA:17,1
DA:18,0
DA:19,1
DA:20,0
DA:24,1
DA:25,3
DA:26,3
DA:27,0
DA:29,3
DA:30,3
DA:31,3
DA:34,3
DA:42,0
DA:43,0
DA:56,0
DA:57,0
DA:68,1
DA:73,1
DA:78,1
DA:83,1
DA:85,1
DA:99,1
LF:29
LH:21
BRDA:11,0,0,0
BRDA:11,0,1,1
BRDA:17,1,0,0
BRDA:17,1,1,1
BRDA:19,2,0,0
BRDA:19,2,1,1
BRDA:26,3,0,0
BRDA:26,3,1,3
BRDA:30,4,0,3
BRDA:30,4,1,0
BRDA:30,5,0,3
BRDA:30,5,1,1
BRDA:30,5,2,3
BRDA:40,6,0,0
BRDA:40,6,1,3
BRDA:42,7,0,0
BRDA:42,7,1,0
BRDA:54,8,0,0
BRDA:54,8,1,3
BRDA:54,9,0,3
BRDA:54,9,1,0
BRDA:56,10,0,0
BRDA:56,10,1,0
BRDA:56,11,0,0
BRDA:56,11,1,0
BRDA:56,11,2,0
BRDA:102,12,0,1
BRDA:102,12,1,0
BRDA:106,13,0,1
BRDA:115,14,0,1
BRDA:120,15,0,1
BRDA:126,16,0,1
BRF:32
BRH:16
end_of_record
TN:
SF:/Users/allisonc/Dev/bookings/client/components/Header.jsx
FN:6,Headers
FNF:1
FNH:1
FNDA:1,Headers
DA:1,1
DA:6,1
DA:22,1
DA:29,1
LF:4
LH:4
BRF:0
BRH:0
end_of_record
TN:
SF:/Users/allisonc/Dev/bookings/client/components/Pricing.jsx
FN:5,Pricing
FNF:1
FNH:1
FNDA:1,Pricing
DA:1,1
DA:5,1
DA:7,1
DA:9,1
DA:56,1
DA:65,1
LF:6
LH:6
BRF:0
BRH:0
end_of_record
TN:
SF:/Users/allisonc/Dev/bookings/client/components/Stars.jsx
FN:4,Stars
FNF:1
FNH:1
FNDA:1,Stars
DA:1,2
DA:4,2
LF:2
LH:2
BRF:0
BRH:0
end_of_record
TN:
SF:/Users/allisonc/Dev/bookings/client/styles/Calendar.css
FNF:0
FNH:0
LF:0
LH:0
BRF:0
BRH:0
end_of_record
TN:
SF:/Users/allisonc/Dev/bookings/client/styles/Dates.css
FNF:0
FNH:0
LF:0
LH:0
BRF:0
BRH:0
end_of_record
TN:
SF:/Users/allisonc/Dev/bookings/client/styles/Guests.css
FNF:0
FNH:0
LF:0
LH:0
BRF:0
BRH:0
end_of_record
TN:
SF:/Users/allisonc/Dev/bookings/client/styles/Header.css
FNF:0
FNH:0
LF:0
LH:0
BRF:0
BRH:0
end_of_record
TN:
SF:/Users/allisonc/Dev/bookings/client/styles/Pricing.css
FNF:0
FNH:0
LF:0
LH:0
BRF:0
BRH:0
end_of_record
TN:
SF:/Users/allisonc/Dev/bookings/client/styles/Stars.css
FNF:0
FNH:0
LF:0
LH:0
BRF:0
BRH:0
end_of_record
TN:
SF:/Users/allisonc/Dev/bookings/database/config.js
FNF:0
FNH:0
DA:1,1
DA:3,1
DA:10,1
DA:12,1
LF:4
LH:4
BRF:0
BRH:0
end_of_record
TN:
SF:/Users/allisonc/Dev/bookings/database/index.js
FN:3,getAllBookings
FN:5,(anonymous_1)
FN:14,getRoomInfo
FN:16,(anonymous_3)
FN:25,addBooking
FN:27,(anonymous_5)
FNF:6
FNH:6
FNDA:4,getAllBookings
FNDA:4,(anonymous_1)
FNDA:4,getRoomInfo
FNDA:4,(anonymous_3)
FNDA:1,addBooking
FNDA:1,(anonymous_5)
DA:1,1
DA:3,1
DA:4,4
DA:5,4
DA:6,4
DA:7,0
DA:9,4
DA:14,1
DA:15,4
DA:16,4
DA:17,4
DA:18,0
DA:20,4
DA:25,1
DA:26,1
DA:27,1
DA:28,1
DA:29,0
DA:31,1
DA:36,1
LF:20
LH:17
BRDA:6,0,0,0
BRDA:6,0,1,4
BRDA:17,1,0,0
BRDA:17,1,1,4
BRDA:28,2,0,0
BRDA:28,2,1,1
BRF:6
BRH:3
end_of_record
TN:
SF:/Users/allisonc/Dev/bookings/server/index.js
FN:14,(anonymous_0)
FN:18,(anonymous_1)
FN:19,(anonymous_2)
FN:44,(anonymous_3)
FN:45,(anonymous_4)
FN:54,(anonymous_5)
FN:55,(anonymous_6)
FNF:7
FNH:6
FNDA:0,(anonymous_0)
FNDA:3,(anonymous_1)
FNDA:3,(anonymous_2)
FNDA:3,(anonymous_3)
FNDA:3,(anonymous_4)
FNDA:1,(anonymous_5)
FNDA:1,(anonymous_6)
DA:1,1
DA:2,1
DA:3,1
DA:4,1
DA:6,1
DA:8,1
DA:10,1
DA:12,1
DA:14,1
DA:15,0
DA:18,1
DA:19,3
DA:20,3
DA:21,0
DA:23,3
DA:44,1
DA:45,3
DA:46,3
DA:47,0
DA:49,3
DA:54,1
DA:55,1
DA:56,1
DA:57,0
DA:59,1
DA:64,1
LF:26
LH:22
BRDA:20,0,0,0
BRDA:20,0,1,3
BRDA:46,1,0,0
BRDA:46,1,1,3
BRDA:56,2,0,0
BRDA:56,2,1,1
BRF:6
BRH:3
end_of_record
